<?xml version="1.0" encoding="UTF-8"?>
<testng-results skipped="0" failed="0" ignored="0" total="1" passed="1">
  <reporter-output>
  </reporter-output>
  <suite name="Default suite" duration-ms="36" started-at="2019-06-07T13:29:31Z" finished-at="2019-06-07T13:29:31Z">
    <groups>
    </groups>
    <test name="Default test" duration-ms="36" started-at="2019-06-07T13:29:31Z" finished-at="2019-06-07T13:29:31Z">
      <class name="test_Pages.Baseclass">
        <test-method status="PASS" signature="setup()[pri:0, instance:test_Pages.Baseclass@1e88b3c]" name="setup" is-config="true" duration-ms="25412" started-at="2019-06-07T13:29:06Z" finished-at="2019-06-07T13:29:31Z">
          <reporter-output>
          </reporter-output>
        </test-method> <!-- setup -->
        <test-method status="PASS" signature="test()[pri:0, instance:test_Pages.Baseclass@1e88b3c]" name="test" duration-ms="6" started-at="2019-06-07T13:29:31Z" finished-at="2019-06-07T13:29:31Z">
          <reporter-output>
          </reporter-output>
        </test-method> <!-- test -->
      </class> <!-- test_Pages.Baseclass -->
    </test> <!-- Default test -->
  </suite> <!-- Default suite -->
</testng-results>
