<?xml version="1.0" encoding="UTF-8"?>
<!-- Generated by org.testng.reporters.JUnitXMLReporter -->
<testsuite hostname="DESKTOP-KKBBGQN" ignored="2" name="ERP Test" tests="2" failures="0" timestamp="22 May 2019 05:41:31 GMT" time="2.476" errors="0">
  <testcase name="homerefresh" time="1.303" classname="test_Pages.Homerefresh_Test"/>
  <testcase name="merchantlist_Test" time="1.116" classname="test_Pages.MerchantList_Test"/>
  <testcase name="@BeforeSuite setup" time="0.0" classname="test_Pages.Baseclass">
    <ignored/>
  </testcase> <!-- @BeforeSuite setup -->
  <testcase name="@BeforeSuite setup" time="0.0" classname="test_Pages.Baseclass">
    <ignored/>
  </testcase> <!-- @BeforeSuite setup -->
</testsuite> <!-- ERP Test -->
